2024-10-06T11:41:57.406Z [INFO]: Server running on http://localhost:3000
2024-10-06T11:42:02.844Z [INFO]: Incoming request: GET /file/read
2024-10-06T11:42:02.846Z [INFO]: Reading file from: /Users/ankkit/nodejs/advancednodeapp/data/sample.txt
2024-10-06T11:42:02.847Z [INFO]: File read successfully
2024-10-06T11:42:08.829Z [INFO]: Incoming request: GET /file/read
2024-10-06T11:42:08.831Z [INFO]: Reading file from: /Users/ankkit/nodejs/advancednodeapp/data/sample.txt
2024-10-06T11:42:08.832Z [INFO]: File read successfully
2024-10-06T11:42:09.652Z [INFO]: Incoming request: GET /file/read
2024-10-06T11:42:09.652Z [INFO]: Reading file from: /Users/ankkit/nodejs/advancednodeapp/data/sample.txt
2024-10-06T11:42:09.654Z [INFO]: File read successfully
2024-10-06T11:42:10.300Z [INFO]: Incoming request: GET /file/read
2024-10-06T11:42:10.301Z [INFO]: Reading file from: /Users/ankkit/nodejs/advancednodeapp/data/sample.txt
2024-10-06T11:42:10.301Z [INFO]: File read successfully
2024-10-06T11:42:10.857Z [INFO]: Incoming request: GET /file/read
2024-10-06T11:42:10.857Z [INFO]: Reading file from: /Users/ankkit/nodejs/advancednodeapp/data/sample.txt
2024-10-06T11:42:10.858Z [INFO]: File read successfully
2024-10-06T11:42:11.401Z [INFO]: Incoming request: GET /file/read
2024-10-06T11:42:11.402Z [INFO]: Reading file from: /Users/ankkit/nodejs/advancednodeapp/data/sample.txt
2024-10-06T11:42:11.402Z [INFO]: File read successfully
2024-10-06T11:42:11.805Z [INFO]: Incoming request: GET /file/read
2024-10-06T11:42:11.805Z [INFO]: Reading file from: /Users/ankkit/nodejs/advancednodeapp/data/sample.txt
2024-10-06T11:42:11.806Z [INFO]: File read successfully
2024-10-06T11:42:12.757Z [INFO]: Incoming request: GET /file/read
2024-10-06T11:42:12.757Z [INFO]: Reading file from: /Users/ankkit/nodejs/advancednodeapp/data/sample.txt
2024-10-06T11:42:12.758Z [INFO]: File read successfully
2024-10-06T11:42:13.572Z [INFO]: Incoming request: GET /file/read
2024-10-06T11:42:13.573Z [INFO]: Reading file from: /Users/ankkit/nodejs/advancednodeapp/data/sample.txt
2024-10-06T11:42:13.574Z [INFO]: File read successfully
2024-10-06T11:42:14.197Z [INFO]: Incoming request: GET /file/read
2024-10-06T11:42:14.197Z [INFO]: Reading file from: /Users/ankkit/nodejs/advancednodeapp/data/sample.txt
2024-10-06T11:42:14.198Z [INFO]: File read successfully
2024-10-06T11:42:30.812Z [INFO]: Incoming request: GET /file/read
2024-10-06T11:42:30.813Z [INFO]: Reading file from: /Users/ankkit/nodejs/advancednodeapp/data/sample.txt
2024-10-06T11:42:30.814Z [INFO]: File read successfully
2024-10-06T11:47:33.572Z [INFO]: Server running on http://localhost:3000
2024-10-06T11:53:59.123Z [INFO]: Server running on http://localhost:3000
2024-10-06T11:54:06.046Z [ERROR]: Error: httpRequestDuration is not defined
2024-10-06T11:54:07.317Z [ERROR]: Error: httpRequestDuration is not defined
2024-10-06T11:54:08.017Z [ERROR]: Error: httpRequestDuration is not defined
2024-10-06T11:54:08.405Z [ERROR]: Error: httpRequestDuration is not defined
2024-10-06T11:54:10.176Z [ERROR]: Error: httpRequestDuration is not defined
2024-10-06T11:54:13.755Z [ERROR]: Error: httpRequestDuration is not defined
2024-10-06T11:54:15.150Z [ERROR]: Error: httpRequestDuration is not defined
2024-10-06T11:54:15.803Z [ERROR]: Error: httpRequestDuration is not defined
2024-10-06T11:54:16.283Z [ERROR]: Error: httpRequestDuration is not defined
2024-10-06T11:55:03.079Z [ERROR]: Error: httpRequestDuration is not defined
2024-10-06T11:55:04.346Z [ERROR]: Error: httpRequestDuration is not defined
2024-10-06T11:55:10.999Z [INFO]: Server running on http://localhost:3000
2024-10-06T11:55:15.482Z [INFO]: Reading file from: /Users/ankkit/nodejs/advancednodeapp/data/sample.txt
2024-10-06T11:55:15.483Z [INFO]: File read successfully
2024-10-06T11:55:17.031Z [INFO]: Reading file from: /Users/ankkit/nodejs/advancednodeapp/data/sample.txt
2024-10-06T11:55:17.032Z [INFO]: File read successfully
2024-10-06T11:55:17.793Z [INFO]: Reading file from: /Users/ankkit/nodejs/advancednodeapp/data/sample.txt
2024-10-06T11:55:17.793Z [INFO]: File read successfully
2024-10-06T11:55:18.659Z [INFO]: Reading file from: /Users/ankkit/nodejs/advancednodeapp/data/sample.txt
2024-10-06T11:55:18.659Z [INFO]: File read successfully
2024-10-06T11:55:19.548Z [INFO]: Reading file from: /Users/ankkit/nodejs/advancednodeapp/data/sample.txt
2024-10-06T11:55:19.549Z [INFO]: File read successfully
2024-10-06T11:55:21.245Z [INFO]: Reading file from: /Users/ankkit/nodejs/advancednodeapp/data/sample.txt
2024-10-06T11:55:21.247Z [INFO]: File read successfully
2024-10-06T11:55:22.184Z [INFO]: Reading file from: /Users/ankkit/nodejs/advancednodeapp/data/sample.txt
2024-10-06T11:55:22.185Z [INFO]: File read successfully
2024-10-06T11:55:22.949Z [INFO]: Reading file from: /Users/ankkit/nodejs/advancednodeapp/data/sample.txt
2024-10-06T11:55:22.949Z [INFO]: File read successfully
2024-10-06T11:59:17.875Z [INFO]: Server running on http://localhost:3000
2024-10-06T11:59:27.650Z [INFO]: Reading file from: /Users/ankkit/nodejs/advancednodeapp/data/big_sample.txt
2024-10-06T11:59:27.774Z [INFO]: File read successfully
2024-10-06T12:28:20.150Z [INFO]: Reading file from: /Users/ankkit/nodejs/advancednodeapp/data/big_sample.txt
2024-10-06T12:28:20.262Z [INFO]: File read successfully
2024-10-06T12:28:20.604Z [INFO]: Reading file from: /Users/ankkit/nodejs/advancednodeapp/data/big_sample.txt
2024-10-06T12:28:20.608Z [INFO]: Reading file from: /Users/ankkit/nodejs/advancednodeapp/data/big_sample.txt
2024-10-06T12:28:20.611Z [INFO]: Reading file from: /Users/ankkit/nodejs/advancednodeapp/data/big_sample.txt
2024-10-06T12:28:20.611Z [INFO]: Reading file from: /Users/ankkit/nodejs/advancednodeapp/data/big_sample.txt
2024-10-06T12:28:20.612Z [INFO]: Reading file from: /Users/ankkit/nodejs/advancednodeapp/data/big_sample.txt
2024-10-06T12:28:20.632Z [INFO]: Reading file from: /Users/ankkit/nodejs/advancednodeapp/data/big_sample.txt
2024-10-06T12:28:20.633Z [INFO]: Reading file from: /Users/ankkit/nodejs/advancednodeapp/data/big_sample.txt
2024-10-06T12:28:20.635Z [INFO]: Reading file from: /Users/ankkit/nodejs/advancednodeapp/data/big_sample.txt
2024-10-06T12:28:20.647Z [INFO]: Reading file from: /Users/ankkit/nodejs/advancednodeapp/data/big_sample.txt
2024-10-06T12:28:21.211Z [INFO]: File read successfully
2024-10-06T12:28:21.653Z [INFO]: File read successfully
2024-10-06T12:28:22.008Z [INFO]: File read successfully
2024-10-06T12:28:22.382Z [INFO]: File read successfully
2024-10-06T12:28:22.781Z [INFO]: File read successfully
2024-10-06T12:28:23.291Z [INFO]: File read successfully
2024-10-06T12:28:23.747Z [INFO]: File read successfully
2024-10-06T12:28:24.127Z [INFO]: File read successfully
2024-10-06T12:28:24.516Z [INFO]: File read successfully
2024-10-06T12:36:21.976Z [INFO]: Reading file from: /Users/ankkit/nodejs/advancednodeapp/data/big_sample.txt
2024-10-06T12:36:22.071Z [INFO]: File read successfully
2024-10-06T12:36:22.413Z [INFO]: Reading file from: /Users/ankkit/nodejs/advancednodeapp/data/big_sample.txt
2024-10-06T12:36:22.415Z [INFO]: Reading file from: /Users/ankkit/nodejs/advancednodeapp/data/big_sample.txt
2024-10-06T12:36:22.418Z [INFO]: Reading file from: /Users/ankkit/nodejs/advancednodeapp/data/big_sample.txt
2024-10-06T12:36:22.422Z [INFO]: Reading file from: /Users/ankkit/nodejs/advancednodeapp/data/big_sample.txt
2024-10-06T12:36:22.428Z [INFO]: Reading file from: /Users/ankkit/nodejs/advancednodeapp/data/big_sample.txt
2024-10-06T12:36:22.430Z [INFO]: Reading file from: /Users/ankkit/nodejs/advancednodeapp/data/big_sample.txt
2024-10-06T12:36:22.431Z [INFO]: Reading file from: /Users/ankkit/nodejs/advancednodeapp/data/big_sample.txt
2024-10-06T12:36:22.437Z [INFO]: Reading file from: /Users/ankkit/nodejs/advancednodeapp/data/big_sample.txt
2024-10-06T12:36:22.450Z [INFO]: Reading file from: /Users/ankkit/nodejs/advancednodeapp/data/big_sample.txt
2024-10-06T12:36:22.802Z [INFO]: File read successfully
2024-10-06T12:36:23.192Z [INFO]: File read successfully
2024-10-06T12:36:23.564Z [INFO]: File read successfully
2024-10-06T12:36:23.942Z [INFO]: File read successfully
2024-10-06T12:36:24.304Z [INFO]: File read successfully
2024-10-06T12:36:24.691Z [INFO]: File read successfully
2024-10-06T12:36:25.490Z [INFO]: File read successfully
2024-10-06T12:36:25.915Z [INFO]: File read successfully
2024-10-06T12:36:26.285Z [INFO]: File read successfully
2024-10-06T12:43:22.714Z [INFO]: Reading file from: /Users/ankkit/nodejs/advancednodeapp/data/big_sample.txt
2024-10-06T12:43:22.801Z [INFO]: File read successfully
2024-10-06T12:43:23.119Z [INFO]: Reading file from: /Users/ankkit/nodejs/advancednodeapp/data/big_sample.txt
2024-10-06T12:43:23.124Z [INFO]: Reading file from: /Users/ankkit/nodejs/advancednodeapp/data/big_sample.txt
2024-10-06T12:43:23.127Z [INFO]: Reading file from: /Users/ankkit/nodejs/advancednodeapp/data/big_sample.txt
2024-10-06T12:43:23.129Z [INFO]: Reading file from: /Users/ankkit/nodejs/advancednodeapp/data/big_sample.txt
2024-10-06T12:43:23.133Z [INFO]: Reading file from: /Users/ankkit/nodejs/advancednodeapp/data/big_sample.txt
2024-10-06T12:43:23.139Z [INFO]: Reading file from: /Users/ankkit/nodejs/advancednodeapp/data/big_sample.txt
2024-10-06T12:43:23.152Z [INFO]: Reading file from: /Users/ankkit/nodejs/advancednodeapp/data/big_sample.txt
2024-10-06T12:43:23.155Z [INFO]: Reading file from: /Users/ankkit/nodejs/advancednodeapp/data/big_sample.txt
2024-10-06T12:43:23.156Z [INFO]: Reading file from: /Users/ankkit/nodejs/advancednodeapp/data/big_sample.txt
2024-10-06T12:43:23.473Z [INFO]: File read successfully
2024-10-06T12:43:23.982Z [INFO]: File read successfully
2024-10-06T12:43:24.334Z [INFO]: File read successfully
2024-10-06T12:43:24.695Z [INFO]: File read successfully
2024-10-06T12:43:25.268Z [INFO]: File read successfully
2024-10-06T12:43:26.097Z [INFO]: File read successfully
2024-10-06T12:43:26.503Z [INFO]: File read successfully
2024-10-06T12:43:26.849Z [INFO]: File read successfully
2024-10-06T12:43:27.237Z [INFO]: File read successfully
